2025-04-04 09:44:53.909176 - Received CBT.V508.FILE438.PDS from FILE438.XMI 
2025-04-04 09:44:53.913803 - Found $$$#DATE.txt (text/plain) in CBT.V508.FILE438.PDS, moved to PDS/$$$#DATE
2025-04-04 09:44:53.914608 - Found $$$STRUC.txt (text/plain) in CBT.V508.FILE438.PDS, moved to PDS/$$$STRUC
2025-04-04 09:44:53.914942 - Found $$ALTDOC.txt (text/plain) in CBT.V508.FILE438.PDS, moved to PDS/$$ALTDOC
2025-04-04 09:44:53.915288 - Found $$ARTCL1.txt (text/plain) in CBT.V508.FILE438.PDS, moved to PDS/$$ARTCL1
2025-04-04 09:44:53.915490 - Found $$MACDOC.txt (text/plain) in CBT.V508.FILE438.PDS, moved to PDS/$$MACDOC
2025-04-04 09:44:53.915669 - Found $$NOTE.eml (message/rfc822) in CBT.V508.FILE438.PDS, moved to PDS/$$NOTE
2025-04-04 09:44:53.915996 - Found $$READ$$.txt (text/plain) in CBT.V508.FILE438.PDS, moved to PDS/$$READ$$
2025-04-04 09:44:53.916177 - Found $AGOTO.txt (text/plain) in CBT.V508.FILE438.PDS, moved to PDS/$AGOTO
2025-04-04 09:44:53.916353 - Found $ASECT.txt (text/plain) in CBT.V508.FILE438.PDS, moved to PDS/$ASECT
2025-04-04 09:44:53.916496 - Found $IA.txt (text/plain) in CBT.V508.FILE438.PDS, moved to PDS/$IA
2025-04-04 09:44:53.916642 - Found $MENDDO1.txt (text/plain) in CBT.V508.FILE438.PDS, moved to PDS/$MENDDO1
2025-04-04 09:44:53.916801 - Found $MENDDO2.txt (text/plain) in CBT.V508.FILE438.PDS, moved to PDS/$MENDDO2
2025-04-04 09:44:53.916936 - Found $MGBLDEF.txt (text/plain) in CBT.V508.FILE438.PDS, moved to PDS/$MGBLDEF
2025-04-04 09:44:53.917087 - Found $MGFNAME.txt (text/plain) in CBT.V508.FILE438.PDS, moved to PDS/$MGFNAME
2025-04-04 09:44:53.917218 - Found $MGFNBR.txt (text/plain) in CBT.V508.FILE438.PDS, moved to PDS/$MGFNBR
2025-04-04 09:44:53.917357 - Found $MGPNAME.txt (text/plain) in CBT.V508.FILE438.PDS, moved to PDS/$MGPNAME
2025-04-04 09:44:53.917492 - Found $WA.txt (text/plain) in CBT.V508.FILE438.PDS, moved to PDS/$WA
2025-04-04 09:44:53.917622 - Found @FILE438.txt (text/plain) in CBT.V508.FILE438.PDS, moved to PDS/@FILE438
2025-04-04 09:44:53.917747 - Found ADDR.txt (text/plain) in CBT.V508.FILE438.PDS, moved to PDS/ADDR
2025-04-04 09:44:53.917888 - Found AFTER.txt (text/plain) in CBT.V508.FILE438.PDS, moved to PDS/AFTER
2025-04-04 09:44:53.918005 - Found AN.txt (text/plain) in CBT.V508.FILE438.PDS, moved to PDS/AN
2025-04-04 09:44:53.918126 - Found BEGTEST.txt (text/plain) in CBT.V508.FILE438.PDS, moved to PDS/BEGTEST
2025-04-04 09:44:53.918243 - Found BHE.txt (text/plain) in CBT.V508.FILE438.PDS, moved to PDS/BHE
2025-04-04 09:44:53.918375 - Found BLE.txt (text/plain) in CBT.V508.FILE438.PDS, moved to PDS/BLE
2025-04-04 09:44:53.918499 - Found BWCDATE1.txt (text/plain) in CBT.V508.FILE438.PDS, moved to PDS/BWCDATE1
2025-04-04 09:44:53.918618 - Found COMBOX.txt (text/plain) in CBT.V508.FILE438.PDS, moved to PDS/COMBOX
2025-04-04 09:44:53.918736 - Found CONTINUE.txt (text/plain) in CBT.V508.FILE438.PDS, moved to PDS/CONTINUE
2025-04-04 09:44:53.918899 - Found CPYPAR$E.txt (text/plain) in CBT.V508.FILE438.PDS, moved to PDS/CPYPAR$E
2025-04-04 09:44:53.919035 - Found CTE.txt (text/plain) in CBT.V508.FILE438.PDS, moved to PDS/CTE
2025-04-04 09:44:53.919161 - Found CTEB.txt (text/plain) in CBT.V508.FILE438.PDS, moved to PDS/CTEB
2025-04-04 09:44:53.919290 - Found CVN.txt (text/plain) in CBT.V508.FILE438.PDS, moved to PDS/CVN
2025-04-04 09:44:53.919427 - Found CVXREGS.txt (text/plain) in CBT.V508.FILE438.PDS, moved to PDS/CVXREGS
2025-04-04 09:44:53.919550 - Found CVXWORD.txt (text/plain) in CBT.V508.FILE438.PDS, moved to PDS/CVXWORD
2025-04-04 09:44:53.919685 - Found DATECONV.txt (text/plain) in CBT.V508.FILE438.PDS, moved to PDS/DATECONV
2025-04-04 09:44:53.919817 - Found DEFPGMID.txt (text/plain) in CBT.V508.FILE438.PDS, moved to PDS/DEFPGMID
2025-04-04 09:44:53.919935 - Found DIAGMSG.txt (text/plain) in CBT.V508.FILE438.PDS, moved to PDS/DIAGMSG
2025-04-04 09:44:53.920052 - Found DISPLAY.txt (text/plain) in CBT.V508.FILE438.PDS, moved to PDS/DISPLAY
2025-04-04 09:44:53.920171 - Found DIVISION.txt (text/plain) in CBT.V508.FILE438.PDS, moved to PDS/DIVISION
2025-04-04 09:44:53.920288 - Found DO.txt (text/plain) in CBT.V508.FILE438.PDS, moved to PDS/DO
2025-04-04 09:44:53.920413 - Found DOCUMENT.txt (text/plain) in CBT.V508.FILE438.PDS, moved to PDS/DOCUMENT
2025-04-04 09:44:53.920543 - Found DOEXIT.txt (text/plain) in CBT.V508.FILE438.PDS, moved to PDS/DOEXIT
2025-04-04 09:44:53.920659 - Found DTEOFINT.txt (text/plain) in CBT.V508.FILE438.PDS, moved to PDS/DTEOFINT
2025-04-04 09:44:53.920781 - Found DTM.txt (text/plain) in CBT.V508.FILE438.PDS, moved to PDS/DTM
2025-04-04 09:44:53.920913 - Found DUMPMAIN.txt (text/plain) in CBT.V508.FILE438.PDS, moved to PDS/DUMPMAIN
2025-04-04 09:44:53.921031 - Found EDIT.txt (text/plain) in CBT.V508.FILE438.PDS, moved to PDS/EDIT
2025-04-04 09:44:53.921150 - Found ELSE.txt (text/plain) in CBT.V508.FILE438.PDS, moved to PDS/ELSE
2025-04-04 09:44:53.921266 - Found ELSEDO.txt (text/plain) in CBT.V508.FILE438.PDS, moved to PDS/ELSEDO
2025-04-04 09:44:53.921387 - Found ELSEIF.txt (text/plain) in CBT.V508.FILE438.PDS, moved to PDS/ELSEIF
2025-04-04 09:44:53.921529 - Found EM.txt (text/plain) in CBT.V508.FILE438.PDS, moved to PDS/EM
2025-04-04 09:44:53.921654 - Found ENDAFTER.txt (text/plain) in CBT.V508.FILE438.PDS, moved to PDS/ENDAFTER
2025-04-04 09:44:53.921779 - Found ENDELSE.txt (text/plain) in CBT.V508.FILE438.PDS, moved to PDS/ENDELSE
2025-04-04 09:44:53.921910 - Found ENDEVERY.txt (text/plain) in CBT.V508.FILE438.PDS, moved to PDS/ENDEVERY
2025-04-04 09:44:53.922025 - Found ENDFIRST.txt (text/plain) in CBT.V508.FILE438.PDS, moved to PDS/ENDFIRST
2025-04-04 09:44:53.922143 - Found ENDIF.txt (text/plain) in CBT.V508.FILE438.PDS, moved to PDS/ENDIF
2025-04-04 09:44:53.922261 - Found ENDO.txt (text/plain) in CBT.V508.FILE438.PDS, moved to PDS/ENDO
2025-04-04 09:44:53.922376 - Found ENDP.txt (text/plain) in CBT.V508.FILE438.PDS, moved to PDS/ENDP
2025-04-04 09:44:53.922503 - Found ENDSECT.txt (text/plain) in CBT.V508.FILE438.PDS, moved to PDS/ENDSECT
2025-04-04 09:44:53.922625 - Found ENDTEST.txt (text/plain) in CBT.V508.FILE438.PDS, moved to PDS/ENDTEST
2025-04-04 09:44:53.922744 - Found EPACK.txt (text/plain) in CBT.V508.FILE438.PDS, moved to PDS/EPACK
2025-04-04 09:44:53.922861 - Found EQUATE.txt (text/plain) in CBT.V508.FILE438.PDS, moved to PDS/EQUATE
2025-04-04 09:44:53.922993 - Found EUNPK.txt (text/plain) in CBT.V508.FILE438.PDS, moved to PDS/EUNPK
2025-04-04 09:44:53.923114 - Found EVERY.txt (text/plain) in CBT.V508.FILE438.PDS, moved to PDS/EVERY
2025-04-04 09:44:53.923230 - Found EXECUTE.txt (text/plain) in CBT.V508.FILE438.PDS, moved to PDS/EXECUTE
2025-04-04 09:44:53.923344 - Found EXIT.txt (text/plain) in CBT.V508.FILE438.PDS, moved to PDS/EXIT
2025-04-04 09:44:53.923460 - Found FINAL.txt (text/plain) in CBT.V508.FILE438.PDS, moved to PDS/FINAL
2025-04-04 09:44:53.923597 - Found FIRST.txt (text/plain) in CBT.V508.FILE438.PDS, moved to PDS/FIRST
2025-04-04 09:44:53.923717 - Found GO.txt (text/plain) in CBT.V508.FILE438.PDS, moved to PDS/GO
2025-04-04 09:44:53.923834 - Found GOBACK.txt (text/plain) in CBT.V508.FILE438.PDS, moved to PDS/GOBACK
2025-04-04 09:44:53.923953 - Found GOTO.txt (text/plain) in CBT.V508.FILE438.PDS, moved to PDS/GOTO
2025-04-04 09:44:53.924064 - Found HEXRTN.txt (text/plain) in CBT.V508.FILE438.PDS, moved to PDS/HEXRTN
2025-04-04 09:44:53.924176 - Found HROUTINE.txt (text/plain) in CBT.V508.FILE438.PDS, moved to PDS/HROUTINE
2025-04-04 09:44:53.924291 - Found I.txt (text/plain) in CBT.V508.FILE438.PDS, moved to PDS/I
2025-04-04 09:44:53.924404 - Found IF.txt (text/plain) in CBT.V508.FILE438.PDS, moved to PDS/IF
2025-04-04 09:44:53.924515 - Found INPUT1.txt (text/plain) in CBT.V508.FILE438.PDS, moved to PDS/INPUT1
2025-04-04 09:44:53.924632 - Found INTOFDTE.txt (text/plain) in CBT.V508.FILE438.PDS, moved to PDS/INTOFDTE
2025-04-04 09:44:53.924764 - Found IP.txt (text/plain) in CBT.V508.FILE438.PDS, moved to PDS/IP
2025-04-04 09:44:53.924901 - Found LEVELMSG.txt (text/plain) in CBT.V508.FILE438.PDS, moved to PDS/LEVELMSG
2025-04-04 09:44:53.925022 - Found MACBOX.txt (text/plain) in CBT.V508.FILE438.PDS, moved to PDS/MACBOX
2025-04-04 09:44:53.925141 - Found NEXT.txt (text/plain) in CBT.V508.FILE438.PDS, moved to PDS/NEXT
2025-04-04 09:44:53.925257 - Found OMGBLDEF.txt (text/plain) in CBT.V508.FILE438.PDS, moved to PDS/OMGBLDEF
2025-04-04 09:44:53.925371 - Found OUTPUT1.txt (text/plain) in CBT.V508.FILE438.PDS, moved to PDS/OUTPUT1
2025-04-04 09:44:53.925482 - Found PAR$E.txt (text/plain) in CBT.V508.FILE438.PDS, moved to PDS/PAR$E
2025-04-04 09:44:53.925603 - Found PCALL.txt (text/plain) in CBT.V508.FILE438.PDS, moved to PDS/PCALL
2025-04-04 09:44:53.925737 - Found PERFORM.txt (text/plain) in CBT.V508.FILE438.PDS, moved to PDS/PERFORM
2025-04-04 09:44:53.925866 - Found PRDEF.txt (text/plain) in CBT.V508.FILE438.PDS, moved to PDS/PRDEF
2025-04-04 09:44:53.925980 - Found PRINTER.txt (text/plain) in CBT.V508.FILE438.PDS, moved to PDS/PRINTER
2025-04-04 09:44:53.926092 - Found PROC.txt (text/plain) in CBT.V508.FILE438.PDS, moved to PDS/PROC
2025-04-04 09:44:53.926206 - Found PRTTBLE.txt (text/plain) in CBT.V508.FILE438.PDS, moved to PDS/PRTTBLE
2025-04-04 09:44:53.926321 - Found RETN.txt (text/plain) in CBT.V508.FILE438.PDS, moved to PDS/RETN
2025-04-04 09:44:53.926439 - Found RTTBEG.txt (text/plain) in CBT.V508.FILE438.PDS, moved to PDS/RTTBEG
2025-04-04 09:44:53.926557 - Found RTTEND.txt (text/plain) in CBT.V508.FILE438.PDS, moved to PDS/RTTEND
2025-04-04 09:44:53.926672 - Found RTTENT.txt (text/plain) in CBT.V508.FILE438.PDS, moved to PDS/RTTENT
2025-04-04 09:44:53.926813 - Found RTTINCR.txt (text/plain) in CBT.V508.FILE438.PDS, moved to PDS/RTTINCR
2025-04-04 09:44:53.926941 - Found RTTPRT.txt (text/plain) in CBT.V508.FILE438.PDS, moved to PDS/RTTPRT
2025-04-04 09:44:53.927056 - Found RTTRESET.txt (text/plain) in CBT.V508.FILE438.PDS, moved to PDS/RTTRESET
2025-04-04 09:44:53.927176 - Found SAMPLE.txt (text/plain) in CBT.V508.FILE438.PDS, moved to PDS/SAMPLE
2025-04-04 09:44:53.927292 - Found SECONDEP.txt (text/plain) in CBT.V508.FILE438.PDS, moved to PDS/SECONDEP
2025-04-04 09:44:53.927408 - Found SECTION.txt (text/plain) in CBT.V508.FILE438.PDS, moved to PDS/SECTION
2025-04-04 09:44:53.927524 - Found SETCSECT.txt (text/plain) in CBT.V508.FILE438.PDS, moved to PDS/SETCSECT
2025-04-04 09:44:53.927650 - Found SETDEF.txt (text/plain) in CBT.V508.FILE438.PDS, moved to PDS/SETDEF
2025-04-04 09:44:53.927766 - Found SETRC.txt (text/plain) in CBT.V508.FILE438.PDS, moved to PDS/SETRC
2025-04-04 09:44:53.927889 - Found SETREGS.txt (text/plain) in CBT.V508.FILE438.PDS, moved to PDS/SETREGS
2025-04-04 09:44:53.928016 - Found SETUP.txt (text/plain) in CBT.V508.FILE438.PDS, moved to PDS/SETUP
2025-04-04 09:44:53.928310 - Found STOP.txt (text/plain) in CBT.V508.FILE438.PDS, moved to PDS/STOP
2025-04-04 09:44:53.928478 - Found SYSUT1.txt (text/plain) in CBT.V508.FILE438.PDS, moved to PDS/SYSUT1
2025-04-04 09:44:53.928626 - Found SYSUT2.txt (text/plain) in CBT.V508.FILE438.PDS, moved to PDS/SYSUT2
2025-04-04 09:44:53.928766 - Found TAG.txt (text/plain) in CBT.V508.FILE438.PDS, moved to PDS/TAG
2025-04-04 09:44:53.928893 - Found THENDO.txt (text/plain) in CBT.V508.FILE438.PDS, moved to PDS/THENDO
2025-04-04 09:44:53.929045 - Found TRACER.txt (text/plain) in CBT.V508.FILE438.PDS, moved to PDS/TRACER
2025-04-04 09:44:53.929182 - Found TRACER2.txt (text/plain) in CBT.V508.FILE438.PDS, moved to PDS/TRACER2
2025-04-04 09:44:53.929335 - Found TRC.txt (text/plain) in CBT.V508.FILE438.PDS, moved to PDS/TRC
2025-04-04 09:44:53.929475 - Found TRSP.txt (text/plain) in CBT.V508.FILE438.PDS, moved to PDS/TRSP
2025-04-04 09:44:53.929616 - Found TSWITCH.txt (text/plain) in CBT.V508.FILE438.PDS, moved to PDS/TSWITCH
2025-04-04 09:44:53.929760 - Found VAL.txt (text/plain) in CBT.V508.FILE438.PDS, moved to PDS/VAL
2025-04-04 09:44:53.929896 - Found VERSION.txt (text/plain) in CBT.V508.FILE438.PDS, moved to PDS/VERSION
